1729766603.243987 client started (25220): version 3.4, socket /private/tmp/tmux-502/default, protocol 8
1729766603.244024 on Darwin 24.0.0 Darwin Kernel Version 24.0.0: Tue Sep 24 23:39:07 PDT 2024; root:xnu-11215.1.12~1/RELEASE_ARM64_T6000
1729766603.244032 using libevent 2.1.12-stable select
1729766603.244333 using utf8proc 2.9.0
1729766603.244345 using ncurses 6.4 20221231
1729766603.244361 flags are 0x10010000
1729766603.244366 socket is /private/tmp/tmux-502/default
1729766603.244375 trying connect
1729766603.244408 add peer 0x148008000: 6 (0x0)
1729766603.245396 sending message 100 to peer 0x148008000 (4 bytes)
1729766603.245403 sending message 111 to peer 0x148008000 (8 bytes)
1729766603.245407 sending message 101 to peer 0x148008000 (14 bytes)
1729766603.245410 sending message 109 to peer 0x148008000 (4 bytes)
1729766603.245413 sending message 102 to peer 0x148008000 (13 bytes)
1729766603.245415 sending message 108 to peer 0x148008000 (21 bytes)
1729766603.245418 sending message 112 to peer 0x148008000 (70 bytes)
1729766603.245421 sending message 112 to peer 0x148008000 (5 bytes)
1729766603.245424 sending message 112 to peer 0x148008000 (5 bytes)
1729766603.245427 sending message 112 to peer 0x148008000 (6 bytes)
1729766603.245429 sending message 112 to peer 0x148008000 (6 bytes)
1729766603.245432 sending message 112 to peer 0x148008000 (11 bytes)
1729766603.245435 sending message 112 to peer 0x148008000 (10 bytes)
1729766603.245438 sending message 112 to peer 0x148008000 (13 bytes)
1729766603.245441 sending message 112 to peer 0x148008000 (13 bytes)
1729766603.245443 sending message 112 to peer 0x148008000 (18 bytes)
1729766603.245446 sending message 112 to peer 0x148008000 (11 bytes)
1729766603.245449 sending message 112 to peer 0x148008000 (10 bytes)
1729766603.245451 sending message 112 to peer 0x148008000 (15 bytes)
1729766603.245454 sending message 112 to peer 0x148008000 (21 bytes)
1729766603.245457 sending message 112 to peer 0x148008000 (13 bytes)
1729766603.245460 sending message 112 to peer 0x148008000 (7 bytes)
1729766603.245462 sending message 112 to peer 0x148008000 (13 bytes)
1729766603.245465 sending message 112 to peer 0x148008000 (7 bytes)
1729766603.245468 sending message 112 to peer 0x148008000 (13 bytes)
1729766603.245471 sending message 112 to peer 0x148008000 (9 bytes)
1729766603.245474 sending message 112 to peer 0x148008000 (21 bytes)
1729766603.245476 sending message 112 to peer 0x148008000 (13 bytes)
1729766603.245479 sending message 112 to peer 0x148008000 (8 bytes)
1729766603.245482 sending message 112 to peer 0x148008000 (12 bytes)
1729766603.245484 sending message 112 to peer 0x148008000 (13 bytes)
1729766603.245487 sending message 112 to peer 0x148008000 (9 bytes)
1729766603.245490 sending message 112 to peer 0x148008000 (9 bytes)
1729766603.245493 sending message 112 to peer 0x148008000 (12 bytes)
1729766603.245495 sending message 112 to peer 0x148008000 (8 bytes)
1729766603.245498 sending message 112 to peer 0x148008000 (8 bytes)
1729766603.245501 sending message 112 to peer 0x148008000 (7 bytes)
1729766603.245504 sending message 112 to peer 0x148008000 (7 bytes)
1729766603.245506 sending message 112 to peer 0x148008000 (9 bytes)
1729766603.245509 sending message 112 to peer 0x148008000 (13 bytes)
1729766603.245512 sending message 112 to peer 0x148008000 (6 bytes)
1729766603.245514 sending message 112 to peer 0x148008000 (9 bytes)
1729766603.245517 sending message 112 to peer 0x148008000 (15 bytes)
1729766603.245520 sending message 112 to peer 0x148008000 (13 bytes)
1729766603.245523 sending message 112 to peer 0x148008000 (12 bytes)
1729766603.245525 sending message 112 to peer 0x148008000 (8 bytes)
1729766603.245528 sending message 112 to peer 0x148008000 (14 bytes)
1729766603.245531 sending message 112 to peer 0x148008000 (11 bytes)
1729766603.245533 sending message 112 to peer 0x148008000 (9 bytes)
1729766603.245536 sending message 112 to peer 0x148008000 (10 bytes)
1729766603.245539 sending message 112 to peer 0x148008000 (10 bytes)
1729766603.245542 sending message 112 to peer 0x148008000 (10 bytes)
1729766603.245549 sending message 112 to peer 0x148008000 (10 bytes)
1729766603.245551 sending message 112 to peer 0x148008000 (11 bytes)
1729766603.245553 sending message 112 to peer 0x148008000 (12 bytes)
1729766603.245555 sending message 112 to peer 0x148008000 (12 bytes)
1729766603.245557 sending message 112 to peer 0x148008000 (12 bytes)
1729766603.245559 sending message 112 to peer 0x148008000 (12 bytes)
1729766603.245561 sending message 112 to peer 0x148008000 (12 bytes)
1729766603.245563 sending message 112 to peer 0x148008000 (11 bytes)
1729766603.245565 sending message 112 to peer 0x148008000 (11 bytes)
1729766603.245567 sending message 112 to peer 0x148008000 (12 bytes)
1729766603.245569 sending message 112 to peer 0x148008000 (12 bytes)
1729766603.245571 sending message 112 to peer 0x148008000 (12 bytes)
1729766603.245573 sending message 112 to peer 0x148008000 (12 bytes)
1729766603.245575 sending message 112 to peer 0x148008000 (12 bytes)
1729766603.245577 sending message 112 to peer 0x148008000 (10 bytes)
1729766603.245579 sending message 112 to peer 0x148008000 (12 bytes)
1729766603.245581 sending message 112 to peer 0x148008000 (13 bytes)
1729766603.245583 sending message 112 to peer 0x148008000 (13 bytes)
1729766603.245585 sending message 112 to peer 0x148008000 (13 bytes)
1729766603.245587 sending message 112 to peer 0x148008000 (13 bytes)
1729766603.245589 sending message 112 to peer 0x148008000 (13 bytes)
1729766603.245591 sending message 112 to peer 0x148008000 (8 bytes)
1729766603.245593 sending message 112 to peer 0x148008000 (11 bytes)
1729766603.245595 sending message 112 to peer 0x148008000 (11 bytes)
1729766603.245597 sending message 112 to peer 0x148008000 (11 bytes)
1729766603.245599 sending message 112 to peer 0x148008000 (12 bytes)
1729766603.245601 sending message 112 to peer 0x148008000 (12 bytes)
1729766603.245603 sending message 112 to peer 0x148008000 (12 bytes)
1729766603.245605 sending message 112 to peer 0x148008000 (12 bytes)
1729766603.245607 sending message 112 to peer 0x148008000 (13 bytes)
1729766603.245609 sending message 112 to peer 0x148008000 (13 bytes)
1729766603.245611 sending message 112 to peer 0x148008000 (13 bytes)
1729766603.245613 sending message 112 to peer 0x148008000 (8 bytes)
1729766603.245615 sending message 112 to peer 0x148008000 (13 bytes)
1729766603.245617 sending message 112 to peer 0x148008000 (13 bytes)
1729766603.245619 sending message 112 to peer 0x148008000 (13 bytes)
1729766603.245621 sending message 112 to peer 0x148008000 (13 bytes)
1729766603.245623 sending message 112 to peer 0x148008000 (13 bytes)
1729766603.245625 sending message 112 to peer 0x148008000 (12 bytes)
1729766603.245627 sending message 112 to peer 0x148008000 (12 bytes)
1729766603.245629 sending message 112 to peer 0x148008000 (12 bytes)
1729766603.245631 sending message 112 to peer 0x148008000 (12 bytes)
1729766603.245633 sending message 112 to peer 0x148008000 (13 bytes)
1729766603.245635 sending message 112 to peer 0x148008000 (8 bytes)
1729766603.245637 sending message 112 to peer 0x148008000 (13 bytes)
1729766603.245639 sending message 112 to peer 0x148008000 (13 bytes)
1729766603.245641 sending message 112 to peer 0x148008000 (13 bytes)
1729766603.245643 sending message 112 to peer 0x148008000 (13 bytes)
1729766603.245645 sending message 112 to peer 0x148008000 (13 bytes)
1729766603.245647 sending message 112 to peer 0x148008000 (13 bytes)
1729766603.245649 sending message 112 to peer 0x148008000 (13 bytes)
1729766603.245651 sending message 112 to peer 0x148008000 (12 bytes)
1729766603.245653 sending message 112 to peer 0x148008000 (12 bytes)
1729766603.245655 sending message 112 to peer 0x148008000 (12 bytes)
1729766603.245657 sending message 112 to peer 0x148008000 (8 bytes)
1729766603.245659 sending message 112 to peer 0x148008000 (12 bytes)
1729766603.245661 sending message 112 to peer 0x148008000 (13 bytes)
1729766603.245663 sending message 112 to peer 0x148008000 (13 bytes)
1729766603.245665 sending message 112 to peer 0x148008000 (13 bytes)
1729766603.245667 sending message 112 to peer 0x148008000 (13 bytes)
1729766603.245672 sending message 112 to peer 0x148008000 (13 bytes)
1729766603.245675 sending message 112 to peer 0x148008000 (13 bytes)
1729766603.245677 sending message 112 to peer 0x148008000 (13 bytes)
1729766603.245679 sending message 112 to peer 0x148008000 (13 bytes)
1729766603.245681 sending message 112 to peer 0x148008000 (12 bytes)
1729766603.245683 sending message 112 to peer 0x148008000 (10 bytes)
1729766603.245685 sending message 112 to peer 0x148008000 (12 bytes)
1729766603.245687 sending message 112 to peer 0x148008000 (12 bytes)
1729766603.245689 sending message 112 to peer 0x148008000 (12 bytes)
1729766603.245691 sending message 112 to peer 0x148008000 (13 bytes)
1729766603.245693 sending message 112 to peer 0x148008000 (13 bytes)
1729766603.245695 sending message 112 to peer 0x148008000 (13 bytes)
1729766603.245697 sending message 112 to peer 0x148008000 (13 bytes)
1729766603.245699 sending message 112 to peer 0x148008000 (13 bytes)
1729766603.245701 sending message 112 to peer 0x148008000 (13 bytes)
1729766603.245703 sending message 112 to peer 0x148008000 (13 bytes)
1729766603.245705 sending message 112 to peer 0x148008000 (10 bytes)
1729766603.245707 sending message 112 to peer 0x148008000 (13 bytes)
1729766603.245709 sending message 112 to peer 0x148008000 (12 bytes)
1729766603.245711 sending message 112 to peer 0x148008000 (12 bytes)
1729766603.245713 sending message 112 to peer 0x148008000 (12 bytes)
1729766603.245715 sending message 112 to peer 0x148008000 (10 bytes)
1729766603.245717 sending message 112 to peer 0x148008000 (10 bytes)
1729766603.245719 sending message 112 to peer 0x148008000 (10 bytes)
1729766603.245721 sending message 112 to peer 0x148008000 (12 bytes)
1729766603.245723 sending message 112 to peer 0x148008000 (13 bytes)
1729766603.245725 sending message 112 to peer 0x148008000 (13 bytes)
1729766603.245727 sending message 112 to peer 0x148008000 (13 bytes)
1729766603.245729 sending message 112 to peer 0x148008000 (13 bytes)
1729766603.245731 sending message 112 to peer 0x148008000 (13 bytes)
1729766603.245733 sending message 112 to peer 0x148008000 (11 bytes)
1729766603.245735 sending message 112 to peer 0x148008000 (11 bytes)
1729766603.245737 sending message 112 to peer 0x148008000 (12 bytes)
1729766603.245739 sending message 112 to peer 0x148008000 (12 bytes)
1729766603.245741 sending message 112 to peer 0x148008000 (12 bytes)
1729766603.245743 sending message 112 to peer 0x148008000 (12 bytes)
1729766603.245745 sending message 112 to peer 0x148008000 (12 bytes)
1729766603.245747 sending message 112 to peer 0x148008000 (11 bytes)
1729766603.245749 sending message 112 to peer 0x148008000 (12 bytes)
1729766603.245751 sending message 112 to peer 0x148008000 (12 bytes)
1729766603.245753 sending message 112 to peer 0x148008000 (13 bytes)
1729766603.245755 sending message 112 to peer 0x148008000 (13 bytes)
1729766603.245757 sending message 112 to peer 0x148008000 (13 bytes)
1729766603.245759 sending message 112 to peer 0x148008000 (13 bytes)
1729766603.245761 sending message 112 to peer 0x148008000 (13 bytes)
1729766603.245763 sending message 112 to peer 0x148008000 (10 bytes)
1729766603.245765 sending message 112 to peer 0x148008000 (9 bytes)
1729766603.245767 sending message 112 to peer 0x148008000 (12 bytes)
1729766603.245769 sending message 112 to peer 0x148008000 (13 bytes)
1729766603.245771 sending message 112 to peer 0x148008000 (13 bytes)
1729766603.245773 sending message 112 to peer 0x148008000 (13 bytes)
1729766603.245775 sending message 112 to peer 0x148008000 (13 bytes)
1729766603.245777 sending message 112 to peer 0x148008000 (13 bytes)
1729766603.245779 sending message 112 to peer 0x148008000 (9 bytes)
1729766603.245781 sending message 112 to peer 0x148008000 (12 bytes)
1729766603.245783 sending message 112 to peer 0x148008000 (13 bytes)
1729766603.245785 sending message 112 to peer 0x148008000 (13 bytes)
1729766603.245787 sending message 112 to peer 0x148008000 (13 bytes)
1729766603.245789 sending message 112 to peer 0x148008000 (13 bytes)
1729766603.245793 sending message 112 to peer 0x148008000 (13 bytes)
1729766603.245795 sending message 112 to peer 0x148008000 (11 bytes)
1729766603.245797 sending message 112 to peer 0x148008000 (12 bytes)
1729766603.245799 sending message 112 to peer 0x148008000 (13 bytes)
1729766603.245801 sending message 112 to peer 0x148008000 (13 bytes)
1729766603.245803 sending message 112 to peer 0x148008000 (13 bytes)
1729766603.245805 sending message 112 to peer 0x148008000 (13 bytes)
1729766603.245807 sending message 112 to peer 0x148008000 (13 bytes)
1729766603.245809 sending message 112 to peer 0x148008000 (11 bytes)
1729766603.245811 sending message 112 to peer 0x148008000 (12 bytes)
1729766603.245813 sending message 112 to peer 0x148008000 (12 bytes)
1729766603.245815 sending message 112 to peer 0x148008000 (12 bytes)
1729766603.245817 sending message 112 to peer 0x148008000 (12 bytes)
1729766603.245819 sending message 112 to peer 0x148008000 (12 bytes)
1729766603.245821 sending message 112 to peer 0x148008000 (21 bytes)
1729766603.245823 sending message 112 to peer 0x148008000 (12 bytes)
1729766603.245825 sending message 112 to peer 0x148008000 (9 bytes)
1729766603.245827 sending message 112 to peer 0x148008000 (6 bytes)
1729766603.245829 sending message 112 to peer 0x148008000 (13 bytes)
1729766603.245831 sending message 112 to peer 0x148008000 (8 bytes)
1729766603.245833 sending message 112 to peer 0x148008000 (15 bytes)
1729766603.245835 sending message 112 to peer 0x148008000 (13 bytes)
1729766603.245837 sending message 112 to peer 0x148008000 (9 bytes)
1729766603.245839 sending message 112 to peer 0x148008000 (70 bytes)
1729766603.245841 sending message 112 to peer 0x148008000 (69 bytes)
1729766603.245843 sending message 112 to peer 0x148008000 (10 bytes)
1729766603.245845 sending message 112 to peer 0x148008000 (10 bytes)
1729766603.245847 sending message 112 to peer 0x148008000 (8 bytes)
1729766603.245849 sending message 112 to peer 0x148008000 (15 bytes)
1729766603.245851 sending message 112 to peer 0x148008000 (13 bytes)
1729766603.245853 sending message 112 to peer 0x148008000 (10 bytes)
1729766603.245855 sending message 112 to peer 0x148008000 (10 bytes)
1729766603.245857 sending message 112 to peer 0x148008000 (17 bytes)
1729766603.245859 sending message 112 to peer 0x148008000 (10 bytes)
1729766603.245861 sending message 112 to peer 0x148008000 (13 bytes)
1729766603.245863 sending message 112 to peer 0x148008000 (9 bytes)
1729766603.245865 sending message 112 to peer 0x148008000 (5 bytes)
1729766603.245867 sending message 112 to peer 0x148008000 (15 bytes)
1729766603.245871 sending message 104 to peer 0x148008000 (0 bytes)
1729766603.245873 sending message 110 to peer 0x148008000 (0 bytes)
1729766603.245875 sending message 107 to peer 0x148008000 (4 bytes)
1729766603.245877 sending message 105 to peer 0x148008000 (20 bytes)
1729766603.245879 sending message 105 to peer 0x148008000 (22 bytes)
1729766603.245881 sending message 105 to peer 0x148008000 (64 bytes)
1729766603.245883 sending message 105 to peer 0x148008000 (12 bytes)
1729766603.245885 sending message 105 to peer 0x148008000 (73 bytes)
1729766603.245887 sending message 105 to peer 0x148008000 (68 bytes)
1729766603.245889 sending message 105 to peer 0x148008000 (74 bytes)
1729766603.245891 sending message 105 to peer 0x148008000 (71 bytes)
1729766603.245893 sending message 105 to peer 0x148008000 (66 bytes)
1729766603.245895 sending message 105 to peer 0x148008000 (206 bytes)
1729766603.245897 sending message 105 to peer 0x148008000 (94 bytes)
1729766603.245899 sending message 105 to peer 0x148008000 (19 bytes)
1729766603.245901 sending message 105 to peer 0x148008000 (128 bytes)
1729766603.245903 sending message 105 to peer 0x148008000 (15 bytes)
1729766603.245905 sending message 105 to peer 0x148008000 (60 bytes)
1729766603.245907 sending message 105 to peer 0x148008000 (18 bytes)
1729766603.245909 sending message 105 to peer 0x148008000 (17 bytes)
1729766603.245911 sending message 105 to peer 0x148008000 (15 bytes)
1729766603.245917 sending message 105 to peer 0x148008000 (54 bytes)
1729766603.245920 sending message 105 to peer 0x148008000 (112 bytes)
1729766603.245922 sending message 105 to peer 0x148008000 (123 bytes)
1729766603.245924 sending message 105 to peer 0x148008000 (18 bytes)
1729766603.245926 sending message 105 to peer 0x148008000 (53 bytes)
1729766603.245928 sending message 105 to peer 0x148008000 (59 bytes)
1729766603.245930 sending message 105 to peer 0x148008000 (28 bytes)
1729766603.245932 sending message 105 to peer 0x148008000 (14 bytes)
1729766603.245934 sending message 105 to peer 0x148008000 (304 bytes)
1729766603.245936 sending message 105 to peer 0x148008000 (25 bytes)
1729766603.245938 sending message 105 to peer 0x148008000 (24 bytes)
1729766603.245940 sending message 105 to peer 0x148008000 (15 bytes)
1729766603.245942 sending message 105 to peer 0x148008000 (8 bytes)
1729766603.245944 sending message 105 to peer 0x148008000 (66 bytes)
1729766603.245946 sending message 105 to peer 0x148008000 (38 bytes)
1729766603.245948 sending message 105 to peer 0x148008000 (19 bytes)
1729766603.245950 sending message 105 to peer 0x148008000 (19 bytes)
1729766603.245952 sending message 105 to peer 0x148008000 (123 bytes)
1729766603.245954 sending message 105 to peer 0x148008000 (204 bytes)
1729766603.245956 sending message 105 to peer 0x148008000 (18 bytes)
1729766603.245958 sending message 105 to peer 0x148008000 (25 bytes)
1729766603.245960 sending message 105 to peer 0x148008000 (57 bytes)
1729766603.245962 sending message 105 to peer 0x148008000 (43 bytes)
1729766603.245964 sending message 105 to peer 0x148008000 (13 bytes)
1729766603.245967 sending message 105 to peer 0x148008000 (12 bytes)
1729766603.245970 sending message 105 to peer 0x148008000 (12 bytes)
1729766603.245972 sending message 105 to peer 0x148008000 (13 bytes)
1729766603.245974 sending message 105 to peer 0x148008000 (158 bytes)
1729766603.245976 sending message 105 to peer 0x148008000 (148 bytes)
1729766603.245978 sending message 105 to peer 0x148008000 (14 bytes)
1729766603.245980 sending message 105 to peer 0x148008000 (19 bytes)
1729766603.245982 sending message 105 to peer 0x148008000 (42 bytes)
1729766603.245984 sending message 105 to peer 0x148008000 (38 bytes)
1729766603.245986 sending message 105 to peer 0x148008000 (25 bytes)
1729766603.245987 sending message 105 to peer 0x148008000 (29 bytes)
1729766603.245989 sending message 105 to peer 0x148008000 (36 bytes)
1729766603.245991 sending message 105 to peer 0x148008000 (120 bytes)
1729766603.245993 sending message 105 to peer 0x148008000 (17 bytes)
1729766603.245995 sending message 105 to peer 0x148008000 (41 bytes)
1729766603.245997 sending message 106 to peer 0x148008000 (0 bytes)
1729766603.246037 sending message 200 to peer 0x148008000 (4 bytes)
1729766603.246040 client loop enter
1729766603.246186 peer 0x148008000 message 303
1729766603.246192 open write file 2 -
1729766603.246200 sending message 305 to peer 0x148008000 (8 bytes)
1729766603.246208 write check file 2
1729766603.246229 peer 0x148008000 message 304
1729766603.246232 write 58 to file 2
1729766603.246235 peer 0x148008000 message 203
1729766603.246237 file 2 58 bytes left
1729766603.246245 write check file 2
1729766603.246248 client loop exit
